<?xml version="1.0" encoding="UTF-8"?>
<testng-results ignored="0" total="1" passed="1" failed="0" skipped="0">
  <reporter-output>
    <line>
      <![CDATA[No of rows are::10]]>
    </line>
    <line>
      <![CDATA[Username and Password are Valid::dashboard http://webapp.qedgetech.com/dashboard.php ]]>
    </line>
    <line>
      <![CDATA[Incorrect user ID or password dashboard http://webapp.qedgetech.com/login.php ]]>
    </line>
    <line>
      <![CDATA[Username and Password are Valid::dashboard http://webapp.qedgetech.com/dashboard.php ]]>
    </line>
    <line>
      <![CDATA[Incorrect user ID or password dashboard http://webapp.qedgetech.com/login.php ]]>
    </line>
    <line>
      <![CDATA[Incorrect user ID or password dashboard http://webapp.qedgetech.com/login.php ]]>
    </line>
    <line>
      <![CDATA[Incorrect user ID or password dashboard http://webapp.qedgetech.com/login.php ]]>
    </line>
    <line>
      <![CDATA[Incorrect user ID or password dashboard http://webapp.qedgetech.com/login.php ]]>
    </line>
    <line>
      <![CDATA[Incorrect user ID or password dashboard http://webapp.qedgetech.com/login.php ]]>
    </line>
    <line>
      <![CDATA[Incorrect user ID or password dashboard http://webapp.qedgetech.com/login.php ]]>
    </line>
    <line>
      <![CDATA[Incorrect user ID or password dashboard http://webapp.qedgetech.com/login.php ]]>
    </line>
  </reporter-output>
  <suite started-at="2024-01-30T11:08:05 GMT" name="Surefire suite" finished-at="2024-01-30T11:08:50 GMT" duration-ms="45299">
    <groups>
    </groups>
    <test started-at="2024-01-30T11:08:05 GMT" name="Surefire test" finished-at="2024-01-30T11:08:50 GMT" duration-ms="45299">
      <class name="driverFactory.AppTest">
        <test-method is-config="true" signature="setUp()[pri:0, instance:driverFactory.AppTest@6973bf95]" started-at="2024-01-30T11:08:05 GMT" name="setUp" finished-at="2024-01-30T11:08:08 GMT" duration-ms="2859" status="PASS">
          <reporter-output>
          </reporter-output>
        </test-method> <!-- setUp -->
        <test-method signature="startTest()[pri:0, instance:driverFactory.AppTest@6973bf95]" started-at="2024-01-30T11:08:08 GMT" name="startTest" finished-at="2024-01-30T11:08:50 GMT" duration-ms="41925" status="PASS">
          <reporter-output>
            <line>
              <![CDATA[No of rows are::10]]>
            </line>
            <line>
              <![CDATA[Username and Password are Valid::dashboard http://webapp.qedgetech.com/dashboard.php ]]>
            </line>
            <line>
              <![CDATA[Incorrect user ID or password dashboard http://webapp.qedgetech.com/login.php ]]>
            </line>
            <line>
              <![CDATA[Username and Password are Valid::dashboard http://webapp.qedgetech.com/dashboard.php ]]>
            </line>
            <line>
              <![CDATA[Incorrect user ID or password dashboard http://webapp.qedgetech.com/login.php ]]>
            </line>
            <line>
              <![CDATA[Incorrect user ID or password dashboard http://webapp.qedgetech.com/login.php ]]>
            </line>
            <line>
              <![CDATA[Incorrect user ID or password dashboard http://webapp.qedgetech.com/login.php ]]>
            </line>
            <line>
              <![CDATA[Incorrect user ID or password dashboard http://webapp.qedgetech.com/login.php ]]>
            </line>
            <line>
              <![CDATA[Incorrect user ID or password dashboard http://webapp.qedgetech.com/login.php ]]>
            </line>
            <line>
              <![CDATA[Incorrect user ID or password dashboard http://webapp.qedgetech.com/login.php ]]>
            </line>
            <line>
              <![CDATA[Incorrect user ID or password dashboard http://webapp.qedgetech.com/login.php ]]>
            </line>
          </reporter-output>
        </test-method> <!-- startTest -->
        <test-method is-config="true" signature="tearDown()[pri:0, instance:driverFactory.AppTest@6973bf95]" started-at="2024-01-30T11:08:50 GMT" name="tearDown" finished-at="2024-01-30T11:08:50 GMT" duration-ms="463" status="PASS">
          <reporter-output>
          </reporter-output>
        </test-method> <!-- tearDown -->
      </class> <!-- driverFactory.AppTest -->
    </test> <!-- Surefire test -->
  </suite> <!-- Surefire suite -->
</testng-results>
